<?xml version="1.0" encoding="UTF-8"?>
<!-- Generated by org.testng.reporters.JUnitReportReporter -->
<testsuite hostname="LAPTOP-555redgreen" failures="0" tests="3" name="com.qa.jupiter.tests.ContactPageTest" time="55.539" errors="0" timestamp="2023-02-07T22:31:52 IST" skipped="0">
  <testcase classname="com.qa.jupiter.tests.ContactPageTest" name="validateConfirmationMessage" time="21.331"/>
  <system-out/>
  <testcase classname="com.qa.jupiter.tests.ContactPageTest" name="validateConfirmationMessage" time="19.848"/>
  <system-out/>
  <testcase classname="com.qa.jupiter.tests.ContactPageTest" name="validateContactPage" time="14.360"/>
  <system-out/>
</testsuite> <!-- com.qa.jupiter.tests.ContactPageTest -->
